Using pre-set license
Built from '2021.3/staging' branch; Version is '2021.3.0f1 (6eacc8284459) revision 7253192'; Using compiler version '192829333'; Build Type 'Release'
OS: 'Windows 10  (10.0.19044) 64bit Professional' Language: 'en' Physical Memory: 32718 MB
BatchMode: 1, IsHumanControllingUs: 0, StartBugReporterOnCrash: 0, Is64bit: 1, IsPro: 1

COMMAND LINE ARGUMENTS:
D:\Unity\2021.3.0f1\Editor\Unity.exe
-adb2
-batchMode
-noUpm
-name
AssetImportWorker0
-projectPath
D:/PineCone
-logFile
Logs/AssetImportWorker0.log
-srvPort
58377
Successfully changed project path to: D:/PineCone
D:/PineCone
[UnityMemory] Configuration Parameters - Can be set up in boot.config
    "memorysetup-bucket-allocator-granularity=16"
    "memorysetup-bucket-allocator-bucket-count=8"
    "memorysetup-bucket-allocator-block-size=33554432"
    "memorysetup-bucket-allocator-block-count=8"
    "memorysetup-main-allocator-block-size=16777216"
    "memorysetup-thread-allocator-block-size=16777216"
    "memorysetup-gfx-main-allocator-block-size=16777216"
    "memorysetup-gfx-thread-allocator-block-size=16777216"
    "memorysetup-cache-allocator-block-size=4194304"
    "memorysetup-typetree-allocator-block-size=2097152"
    "memorysetup-profiler-bucket-allocator-granularity=16"
    "memorysetup-profiler-bucket-allocator-bucket-count=8"
    "memorysetup-profiler-bucket-allocator-block-size=33554432"
    "memorysetup-profiler-bucket-allocator-block-count=8"
    "memorysetup-profiler-allocator-block-size=16777216"
    "memorysetup-profiler-editor-allocator-block-size=1048576"
    "memorysetup-temp-allocator-size-main=16777216"
    "memorysetup-job-temp-allocator-block-size=2097152"
    "memorysetup-job-temp-allocator-block-size-background=1048576"
    "memorysetup-job-temp-allocator-reduction-small-platforms=262144"
    "memorysetup-temp-allocator-size-background-worker=32768"
    "memorysetup-temp-allocator-size-job-worker=262144"
    "memorysetup-temp-allocator-size-preload-manager=33554432"
    "memorysetup-temp-allocator-size-nav-mesh-worker=65536"
    "memorysetup-temp-allocator-size-audio-worker=65536"
    "memorysetup-temp-allocator-size-cloud-worker=32768"
    "memorysetup-temp-allocator-size-gi-baking-worker=262144"
    "memorysetup-temp-allocator-size-gfx=262144"
Refreshing native plugins compatible for Editor in 24.29 ms, found 2 plugins.
Preloading 0 native plugins for Editor in 0.00 ms.
Initialize engine version: 2021.3.0f1 (6eacc8284459)
[Subsystems] Discovering subsystems at path D:/Unity/2021.3.0f1/Editor/Data/Resources/UnitySubsystems
[Subsystems] Discovering subsystems at path D:/PineCone/Assets
GfxDevice: creating device client; threaded=0; jobified=0
Direct3D:
    Version:  Direct3D 11.0 [level 11.1]
    Renderer: NVIDIA GeForce GTX 1070 (ID=0x1b81)
    Vendor:   NVIDIA
    VRAM:     8088 MB
    Driver:   30.0.15.1215
Initialize mono
Mono path[0] = 'D:/Unity/2021.3.0f1/Editor/Data/Managed'
Mono path[1] = 'D:/Unity/2021.3.0f1/Editor/Data/MonoBleedingEdge/lib/mono/unityjit-win32'
Mono config path = 'D:/Unity/2021.3.0f1/Editor/Data/MonoBleedingEdge/etc'
Using monoOptions --debugger-agent=transport=dt_socket,embedding=1,server=y,suspend=n,address=127.0.0.1:56148
Begin MonoManager ReloadAssembly
Registering precompiled unity dll's ...
Register platform support module: D:/Unity/2021.3.0f1/Editor/Data/PlaybackEngines/WindowsStandaloneSupport/UnityEditor.WindowsStandalone.Extensions.dll
Registered in 0.002399 seconds.
Native extension for WindowsStandalone target not found
Refreshing native plugins compatible for Editor in 27.77 ms, found 2 plugins.
Preloading 0 native plugins for Editor in 0.00 ms.
Mono: successfully reloaded assembly
- Completed reload, in  0.553 seconds
Domain Reload Profiling:
	ReloadAssembly (553ms)
		BeginReloadAssembly (64ms)
			ExecutionOrderSort (0ms)
			DisableScriptedObjects (0ms)
			BackupInstance (0ms)
			ReleaseScriptingObjects (0ms)
			CreateAndSetChildDomain (1ms)
		EndReloadAssembly (384ms)
			LoadAssemblies (63ms)
			RebuildTransferFunctionScriptingTraits (0ms)
			SetupTypeCache (96ms)
			ReleaseScriptCaches (0ms)
			RebuildScriptCaches (27ms)
			SetupLoadedEditorAssemblies (220ms)
				LogAssemblyErrors (0ms)
				InitializePlatformSupportModulesInManaged (6ms)
				SetLoadedEditorAssemblies (0ms)
				RefreshPlugins (28ms)
				BeforeProcessingInitializeOnLoad (1ms)
				ProcessInitializeOnLoadAttributes (138ms)
				ProcessInitializeOnLoadMethodAttributes (47ms)
				AfterProcessingInitializeOnLoad (0ms)
				EditorAssembliesLoaded (0ms)
			ExecutionOrderSort2 (0ms)
			AwakeInstancesAfterBackupRestoration (0ms)
Platform modules already initialized, skipping
Registering precompiled user dll's ...
Registered in 0.001855 seconds.
Begin MonoManager ReloadAssembly
Symbol file LoadedFromMemory is not a mono symbol file
Native extension for WindowsStandalone target not found
Refreshing native plugins compatible for Editor in 0.40 ms, found 2 plugins.
Preloading 0 native plugins for Editor in 0.00 ms.
Mono: successfully reloaded assembly
- Completed reload, in  0.815 seconds
Domain Reload Profiling:
	ReloadAssembly (816ms)
		BeginReloadAssembly (104ms)
			ExecutionOrderSort (0ms)
			DisableScriptedObjects (5ms)
			BackupInstance (0ms)
			ReleaseScriptingObjects (0ms)
			CreateAndSetChildDomain (19ms)
		EndReloadAssembly (622ms)
			LoadAssemblies (71ms)
			RebuildTransferFunctionScriptingTraits (0ms)
			SetupTypeCache (180ms)
			ReleaseScriptCaches (1ms)
			RebuildScriptCaches (46ms)
			SetupLoadedEditorAssemblies (293ms)
				LogAssemblyErrors (0ms)
				InitializePlatformSupportModulesInManaged (10ms)
				SetLoadedEditorAssemblies (0ms)
				RefreshPlugins (0ms)
				BeforeProcessingInitializeOnLoad (47ms)
				ProcessInitializeOnLoadAttributes (207ms)
				ProcessInitializeOnLoadMethodAttributes (24ms)
				AfterProcessingInitializeOnLoad (3ms)
				EditorAssembliesLoaded (0ms)
			ExecutionOrderSort2 (0ms)
			AwakeInstancesAfterBackupRestoration (5ms)
Platform modules already initialized, skipping
========================================================================
Worker process is ready to serve import requests
Launched and connected shader compiler UnityShaderCompiler.exe after 0.07 seconds
Refreshing native plugins compatible for Editor in 0.54 ms, found 2 plugins.
Preloading 0 native plugins for Editor in 0.00 ms.
Unloading 1593 Unused Serialized files (Serialized files now loaded: 0)
Unloading 17 unused Assets / (56.3 KB). Loaded Objects now: 2060.
Memory consumption went from 72.0 MB to 72.0 MB.
Total: 2.587400 ms (FindLiveObjects: 0.181600 ms CreateObjectMapping: 0.040300 ms MarkObjects: 2.292100 ms  DeleteObjects: 0.072300 ms)

AssetImportParameters requested are different than current active one (requested -> active):
  custom:video-decoder-ogg-theora: a1e56fd34408186e4bbccfd4996cb3dc -> 
  custom:container-muxer-webm: aa71ff27fc2769a1b78a27578f13a17b -> 
  custom:container-demuxer-webm: 4f35f7cbe854078d1ac9338744f61a02 -> 
  custom:video-encoder-webm-vp8: eb34c28f22e8b96e1ab97ce403110664 -> 
  custom:audio-encoder-webm-vorbis: bf7c407c2cedff20999df2af8eb42d56 -> 
  custom:framework-win-MediaFoundation: 216162199b28c13a410421893ffa2e32 -> 
  custom:container-demuxer-ogg: 62fdf1f143b41e24485cea50d1cbac27 -> 
  custom:video-decoder-webm-vp8: 9c59270c3fd7afecdb556c50c9e8de78 -> 
  custom:audio-decoder-ogg-vorbis: bf7c407c2cedff20999df2af8eb42d56 -> 
========================================================================
Received Import Request.
  Time since last request: 30848.645540 seconds.
  path: Assets/New Material.mat
  artifactKey: Guid(7a5d49d4e24b5b24ea8b4e6ddc63b0d1) Importer(815301076,1909f56bfc062723c751e8b465ee728b)
Start importing Assets/New Material.mat using Guid(7a5d49d4e24b5b24ea8b4e6ddc63b0d1) Importer(815301076,1909f56bfc062723c751e8b465ee728b)  -> (artifact id: '53456527292da6f13c01687fd174afd9') in 0.304143 seconds 
========================================================================
Received Import Request.
  Time since last request: 36.113644 seconds.
  path: Assets/PineCone/PineconeNetworkSourceGenerator.pdb
  artifactKey: Guid(a08758090eb194a4398eeccbaa983188) Importer(815301076,1909f56bfc062723c751e8b465ee728b)
Start importing Assets/PineCone/PineconeNetworkSourceGenerator.pdb using Guid(a08758090eb194a4398eeccbaa983188) Importer(815301076,1909f56bfc062723c751e8b465ee728b)  -> (artifact id: '092793dd43c76486146535cfe9f56bdb') in 0.006937 seconds 
========================================================================
Received Import Request.
  Time since last request: 1.268620 seconds.
  path: Assets/PineCone/PineconeNetworkSourceGenerator.dll
  artifactKey: Guid(80def24ae2f1e6841aca9a309a44d09c) Importer(815301076,1909f56bfc062723c751e8b465ee728b)
Start importing Assets/PineCone/PineconeNetworkSourceGenerator.dll using Guid(80def24ae2f1e6841aca9a309a44d09c) Importer(815301076,1909f56bfc062723c751e8b465ee728b)  -> (artifact id: 'b5b025f42e877a794a12e8bd72625344') in 0.004340 seconds 
========================================================================
Received Import Request.
  Time since last request: 12.729454 seconds.
  path: Assets/PineCone/Editor
  artifactKey: Guid(3ae01a7e7863a8f499d4944a306156a3) Importer(815301076,1909f56bfc062723c751e8b465ee728b)
Start importing Assets/PineCone/Editor using Guid(3ae01a7e7863a8f499d4944a306156a3) Importer(815301076,1909f56bfc062723c751e8b465ee728b)  -> (artifact id: '105a19863a9a8721328fdb2a004697ab') in 0.004883 seconds 
========================================================================
Received Import Request.
  Time since last request: 2.813189 seconds.
  path: Assets/PineCone/Core/NetworkBehaviour.cs
  artifactKey: Guid(d4ca8cce529b830448baa7412ee3d50b) Importer(815301076,1909f56bfc062723c751e8b465ee728b)
Start importing Assets/PineCone/Core/NetworkBehaviour.cs using Guid(d4ca8cce529b830448baa7412ee3d50b) Importer(815301076,1909f56bfc062723c751e8b465ee728b)  -> (artifact id: 'da338e88ce1250a83544d6061662702c') in 0.007446 seconds 
========================================================================
Received Import Request.
  Time since last request: 0.612627 seconds.
  path: Assets/PineCone/Core/NetworkClient.cs
  artifactKey: Guid(0206ccbb7df40094eaff388a70c19347) Importer(815301076,1909f56bfc062723c751e8b465ee728b)
Start importing Assets/PineCone/Core/NetworkClient.cs using Guid(0206ccbb7df40094eaff388a70c19347) Importer(815301076,1909f56bfc062723c751e8b465ee728b)  -> (artifact id: 'c7d879f240d92d3925981c1e73d3106d') in 0.004357 seconds 
========================================================================
Received Import Request.
  Time since last request: 0.341875 seconds.
  path: Assets/PineCone/Core/NetworkLoop.cs
  artifactKey: Guid(bebb0d89a1173b84eaa67171c984cfa7) Importer(815301076,1909f56bfc062723c751e8b465ee728b)
Start importing Assets/PineCone/Core/NetworkLoop.cs using Guid(bebb0d89a1173b84eaa67171c984cfa7) Importer(815301076,1909f56bfc062723c751e8b465ee728b)  -> (artifact id: 'c592b140bb5cc600d3ba5427a63c4dc3') in 0.004243 seconds 
========================================================================
Received Import Request.
  Time since last request: 1.922306 seconds.
  path: Assets/PineCone/Core/NetworkManager.cs
  artifactKey: Guid(0fe0913ad083c4444b0b3c5adcf269e5) Importer(815301076,1909f56bfc062723c751e8b465ee728b)
Start importing Assets/PineCone/Core/NetworkManager.cs using Guid(0fe0913ad083c4444b0b3c5adcf269e5) Importer(815301076,1909f56bfc062723c751e8b465ee728b)  -> (artifact id: 'c1dbaff6bfcb4b88a6d4794e4cd7e533') in 0.004249 seconds 
========================================================================
Received Import Request.
  Time since last request: 1.135461 seconds.
  path: Assets/PineCone/Core/NetworkManagerControlsHUD.cs
  artifactKey: Guid(c09a5d8e35c4c114eb4e1a88c594ca61) Importer(815301076,1909f56bfc062723c751e8b465ee728b)
Start importing Assets/PineCone/Core/NetworkManagerControlsHUD.cs using Guid(c09a5d8e35c4c114eb4e1a88c594ca61) Importer(815301076,1909f56bfc062723c751e8b465ee728b)  -> (artifact id: '84156686c9a0c3bbaa9e158a3f4bcf8d') in 0.004258 seconds 
========================================================================
Received Import Request.
  Time since last request: 1.692495 seconds.
  path: Assets/PineCone/Core/NetworkMessage.cs
  artifactKey: Guid(7b8eb944845076f4d8c660fb247d3c05) Importer(815301076,1909f56bfc062723c751e8b465ee728b)
Start importing Assets/PineCone/Core/NetworkMessage.cs using Guid(7b8eb944845076f4d8c660fb247d3c05) Importer(815301076,1909f56bfc062723c751e8b465ee728b)  -> (artifact id: '7b05188cc4417de375219442104639f4') in 0.004223 seconds 
========================================================================
Received Import Request.
  Time since last request: 1.057262 seconds.
  path: Assets/PineCone/Core/NetworkObject.cs
  artifactKey: Guid(cced701fd486f5343ab4245c6c349a76) Importer(815301076,1909f56bfc062723c751e8b465ee728b)
Start importing Assets/PineCone/Core/NetworkObject.cs using Guid(cced701fd486f5343ab4245c6c349a76) Importer(815301076,1909f56bfc062723c751e8b465ee728b)  -> (artifact id: '12f1068c8135a06bd563faeca86ba676') in 0.004360 seconds 
========================================================================
Received Import Request.
  Time since last request: 0.688272 seconds.
  path: Assets/PineCone/Core/NetworkServer.cs
  artifactKey: Guid(31d90defd93879c41a51c188507bbc44) Importer(815301076,1909f56bfc062723c751e8b465ee728b)
Start importing Assets/PineCone/Core/NetworkServer.cs using Guid(31d90defd93879c41a51c188507bbc44) Importer(815301076,1909f56bfc062723c751e8b465ee728b)  -> (artifact id: '1a4c5d59e7d0d2ec7b663a14c2caa79a') in 0.004219 seconds 
========================================================================
Received Import Request.
  Time since last request: 1.210311 seconds.
  path: Assets/PineCone/Core/PineconeNetwork.cs
  artifactKey: Guid(e5bd168c98787304a897f1630dc16a6c) Importer(815301076,1909f56bfc062723c751e8b465ee728b)
Start importing Assets/PineCone/Core/PineconeNetwork.cs using Guid(e5bd168c98787304a897f1630dc16a6c) Importer(815301076,1909f56bfc062723c751e8b465ee728b)  -> (artifact id: '47f95523bc7eb7316829e68d7470a901') in 0.004237 seconds 
========================================================================
Received Import Request.
  Time since last request: 0.539410 seconds.
  path: Assets/PineCone/Core/PlayerConnection.cs
  artifactKey: Guid(a732f4352662bda4299b59c1cffca0b4) Importer(815301076,1909f56bfc062723c751e8b465ee728b)
Start importing Assets/PineCone/Core/PlayerConnection.cs using Guid(a732f4352662bda4299b59c1cffca0b4) Importer(815301076,1909f56bfc062723c751e8b465ee728b)  -> (artifact id: '60fc7ab5ac3c9b26558a1be531ae8fdd') in 0.004222 seconds 
========================================================================
Received Import Request.
  Time since last request: 21.727423 seconds.
  path: Assets/PineCone/Examples/BasicFPS
  artifactKey: Guid(6e88213cf302db34a895a67bb57f3060) Importer(815301076,1909f56bfc062723c751e8b465ee728b)
Start importing Assets/PineCone/Examples/BasicFPS using Guid(6e88213cf302db34a895a67bb57f3060) Importer(815301076,1909f56bfc062723c751e8b465ee728b)  -> (artifact id: '3dec0a17b65e77a33b7e7dd2cfeaa329') in 0.005358 seconds 
========================================================================
Received Import Request.
  Time since last request: 0.897596 seconds.
  path: Assets/PineCone/Examples/BasicFPS/BasicFPSScene.unity
  artifactKey: Guid(e55f8c34c44c81f4abd973ad6cf02ca6) Importer(815301076,1909f56bfc062723c751e8b465ee728b)
Start importing Assets/PineCone/Examples/BasicFPS/BasicFPSScene.unity using Guid(e55f8c34c44c81f4abd973ad6cf02ca6) Importer(815301076,1909f56bfc062723c751e8b465ee728b)  -> (artifact id: 'b4c9a4fb5b160c29d2c6b2858d76cfe9') in 0.004398 seconds 
========================================================================
Received Prepare
Registering precompiled user dll's ...
Registered in 0.001455 seconds.
Begin MonoManager ReloadAssembly
Symbol file LoadedFromMemory is not a mono symbol file
Native extension for WindowsStandalone target not found
Refreshing native plugins compatible for Editor in 0.56 ms, found 2 plugins.
Preloading 0 native plugins for Editor in 0.00 ms.
Mono: successfully reloaded assembly
- Completed reload, in  0.696 seconds
Domain Reload Profiling:
	ReloadAssembly (696ms)
		BeginReloadAssembly (98ms)
			ExecutionOrderSort (0ms)
			DisableScriptedObjects (4ms)
			BackupInstance (0ms)
			ReleaseScriptingObjects (0ms)
			CreateAndSetChildDomain (25ms)
		EndReloadAssembly (520ms)
			LoadAssemblies (64ms)
			RebuildTransferFunctionScriptingTraits (0ms)
			SetupTypeCache (134ms)
			ReleaseScriptCaches (1ms)
			RebuildScriptCaches (35ms)
			SetupLoadedEditorAssemblies (252ms)
				LogAssemblyErrors (0ms)
				InitializePlatformSupportModulesInManaged (10ms)
				SetLoadedEditorAssemblies (0ms)
				RefreshPlugins (1ms)
				BeforeProcessingInitializeOnLoad (40ms)
				ProcessInitializeOnLoadAttributes (178ms)
				ProcessInitializeOnLoadMethodAttributes (20ms)
				AfterProcessingInitializeOnLoad (3ms)
				EditorAssembliesLoaded (0ms)
			ExecutionOrderSort2 (0ms)
			AwakeInstancesAfterBackupRestoration (5ms)
Platform modules already initialized, skipping
Refreshing native plugins compatible for Editor in 0.86 ms, found 2 plugins.
Preloading 0 native plugins for Editor in 0.00 ms.
Unloading 1574 Unused Serialized files (Serialized files now loaded: 0)
Unloading 10 unused Assets / (24.6 KB). Loaded Objects now: 2102.
Memory consumption went from 74.7 MB to 74.7 MB.
Total: 2.295700 ms (FindLiveObjects: 0.143200 ms CreateObjectMapping: 0.037900 ms MarkObjects: 2.101600 ms  DeleteObjects: 0.012100 ms)

AssetImportParameters requested are different than current active one (requested -> active):
  custom:video-decoder-ogg-theora: a1e56fd34408186e4bbccfd4996cb3dc -> 
  custom:container-muxer-webm: aa71ff27fc2769a1b78a27578f13a17b -> 
  custom:container-demuxer-webm: 4f35f7cbe854078d1ac9338744f61a02 -> 
  custom:video-encoder-webm-vp8: eb34c28f22e8b96e1ab97ce403110664 -> 
  custom:audio-encoder-webm-vorbis: bf7c407c2cedff20999df2af8eb42d56 -> 
  custom:framework-win-MediaFoundation: 216162199b28c13a410421893ffa2e32 -> 
  custom:container-demuxer-ogg: 62fdf1f143b41e24485cea50d1cbac27 -> 
  custom:video-decoder-webm-vp8: 9c59270c3fd7afecdb556c50c9e8de78 -> 
  custom:audio-decoder-ogg-vorbis: bf7c407c2cedff20999df2af8eb42d56 -> 
========================================================================
Received Prepare
Registering precompiled user dll's ...
Registered in 0.002109 seconds.
Begin MonoManager ReloadAssembly
Symbol file LoadedFromMemory is not a mono symbol file
Native extension for WindowsStandalone target not found
Refreshing native plugins compatible for Editor in 0.32 ms, found 2 plugins.
Preloading 0 native plugins for Editor in 0.00 ms.
Mono: successfully reloaded assembly
- Completed reload, in  0.714 seconds
Domain Reload Profiling:
	ReloadAssembly (714ms)
		BeginReloadAssembly (106ms)
			ExecutionOrderSort (0ms)
			DisableScriptedObjects (6ms)
			BackupInstance (0ms)
			ReleaseScriptingObjects (0ms)
			CreateAndSetChildDomain (27ms)
		EndReloadAssembly (526ms)
			LoadAssemblies (66ms)
			RebuildTransferFunctionScriptingTraits (0ms)
			SetupTypeCache (143ms)
			ReleaseScriptCaches (1ms)
			RebuildScriptCaches (35ms)
			SetupLoadedEditorAssemblies (249ms)
				LogAssemblyErrors (0ms)
				InitializePlatformSupportModulesInManaged (9ms)
				SetLoadedEditorAssemblies (0ms)
				RefreshPlugins (0ms)
				BeforeProcessingInitializeOnLoad (35ms)
				ProcessInitializeOnLoadAttributes (180ms)
				ProcessInitializeOnLoadMethodAttributes (21ms)
				AfterProcessingInitializeOnLoad (3ms)
				EditorAssembliesLoaded (0ms)
			ExecutionOrderSort2 (0ms)
			AwakeInstancesAfterBackupRestoration (5ms)
Platform modules already initialized, skipping
Refreshing native plugins compatible for Editor in 0.96 ms, found 2 plugins.
Preloading 0 native plugins for Editor in 0.00 ms.
Unloading 1574 Unused Serialized files (Serialized files now loaded: 0)
Unloading 10 unused Assets / (24.6 KB). Loaded Objects now: 2105.
Memory consumption went from 74.7 MB to 74.7 MB.
Total: 2.382600 ms (FindLiveObjects: 0.167700 ms CreateObjectMapping: 0.037200 ms MarkObjects: 2.158900 ms  DeleteObjects: 0.017200 ms)

AssetImportParameters requested are different than current active one (requested -> active):
  custom:video-decoder-ogg-theora: a1e56fd34408186e4bbccfd4996cb3dc -> 
  custom:container-muxer-webm: aa71ff27fc2769a1b78a27578f13a17b -> 
  custom:container-demuxer-webm: 4f35f7cbe854078d1ac9338744f61a02 -> 
  custom:video-encoder-webm-vp8: eb34c28f22e8b96e1ab97ce403110664 -> 
  custom:audio-encoder-webm-vorbis: bf7c407c2cedff20999df2af8eb42d56 -> 
  custom:framework-win-MediaFoundation: 216162199b28c13a410421893ffa2e32 -> 
  custom:container-demuxer-ogg: 62fdf1f143b41e24485cea50d1cbac27 -> 
  custom:video-decoder-webm-vp8: 9c59270c3fd7afecdb556c50c9e8de78 -> 
  custom:audio-decoder-ogg-vorbis: bf7c407c2cedff20999df2af8eb42d56 -> 
========================================================================
Received Import Request.
  Time since last request: 213.929199 seconds.
  path: Assets/PineCone/Examples/BasicFPS/Scripts
  artifactKey: Guid(caefc3a5fa77cdf4184f786de89efeab) Importer(815301076,1909f56bfc062723c751e8b465ee728b)
Start importing Assets/PineCone/Examples/BasicFPS/Scripts using Guid(caefc3a5fa77cdf4184f786de89efeab) Importer(815301076,1909f56bfc062723c751e8b465ee728b)  -> (artifact id: '5c287babc960ca62d8713403e1e921d6') in 0.006771 seconds 
========================================================================
Received Prepare
Registering precompiled user dll's ...
Registered in 0.001479 seconds.
Begin MonoManager ReloadAssembly
Symbol file LoadedFromMemory is not a mono symbol file
Native extension for WindowsStandalone target not found
Refreshing native plugins compatible for Editor in 0.34 ms, found 2 plugins.
Preloading 0 native plugins for Editor in 0.00 ms.
Mono: successfully reloaded assembly
- Completed reload, in  0.778 seconds
Domain Reload Profiling:
	ReloadAssembly (779ms)
		BeginReloadAssembly (96ms)
			ExecutionOrderSort (0ms)
			DisableScriptedObjects (5ms)
			BackupInstance (0ms)
			ReleaseScriptingObjects (0ms)
			CreateAndSetChildDomain (24ms)
		EndReloadAssembly (604ms)
			LoadAssemblies (64ms)
			RebuildTransferFunctionScriptingTraits (0ms)
			SetupTypeCache (157ms)
			ReleaseScriptCaches (1ms)
			RebuildScriptCaches (47ms)
			SetupLoadedEditorAssemblies (288ms)
				LogAssemblyErrors (0ms)
				InitializePlatformSupportModulesInManaged (14ms)
				SetLoadedEditorAssemblies (0ms)
				RefreshPlugins (0ms)
				BeforeProcessingInitializeOnLoad (38ms)
				ProcessInitializeOnLoadAttributes (204ms)
				ProcessInitializeOnLoadMethodAttributes (27ms)
				AfterProcessingInitializeOnLoad (3ms)
				EditorAssembliesLoaded (0ms)
			ExecutionOrderSort2 (0ms)
			AwakeInstancesAfterBackupRestoration (6ms)
Platform modules already initialized, skipping
Refreshing native plugins compatible for Editor in 0.96 ms, found 2 plugins.
Preloading 0 native plugins for Editor in 0.00 ms.
Unloading 1573 Unused Serialized files (Serialized files now loaded: 0)
Unloading 11 unused Assets / (24.6 KB). Loaded Objects now: 2107.
Memory consumption went from 74.7 MB to 74.7 MB.
Total: 2.576200 ms (FindLiveObjects: 0.159900 ms CreateObjectMapping: 0.036900 ms MarkObjects: 2.360300 ms  DeleteObjects: 0.017800 ms)

AssetImportParameters requested are different than current active one (requested -> active):
  custom:video-decoder-ogg-theora: a1e56fd34408186e4bbccfd4996cb3dc -> 
  custom:container-muxer-webm: aa71ff27fc2769a1b78a27578f13a17b -> 
  custom:container-demuxer-webm: 4f35f7cbe854078d1ac9338744f61a02 -> 
  custom:video-encoder-webm-vp8: eb34c28f22e8b96e1ab97ce403110664 -> 
  custom:audio-encoder-webm-vorbis: bf7c407c2cedff20999df2af8eb42d56 -> 
  custom:framework-win-MediaFoundation: 216162199b28c13a410421893ffa2e32 -> 
  custom:container-demuxer-ogg: 62fdf1f143b41e24485cea50d1cbac27 -> 
  custom:video-decoder-webm-vp8: 9c59270c3fd7afecdb556c50c9e8de78 -> 
  custom:audio-decoder-ogg-vorbis: bf7c407c2cedff20999df2af8eb42d56 -> 
========================================================================
Received Prepare
Registering precompiled user dll's ...
Registered in 0.001469 seconds.
Begin MonoManager ReloadAssembly
Symbol file LoadedFromMemory is not a mono symbol file
Native extension for WindowsStandalone target not found
Refreshing native plugins compatible for Editor in 0.34 ms, found 2 plugins.
Preloading 0 native plugins for Editor in 0.00 ms.
Mono: successfully reloaded assembly
- Completed reload, in  0.674 seconds
Domain Reload Profiling:
	ReloadAssembly (675ms)
		BeginReloadAssembly (97ms)
			ExecutionOrderSort (0ms)
			DisableScriptedObjects (5ms)
			BackupInstance (0ms)
			ReleaseScriptingObjects (0ms)
			CreateAndSetChildDomain (23ms)
		EndReloadAssembly (505ms)
			LoadAssemblies (60ms)
			RebuildTransferFunctionScriptingTraits (0ms)
			SetupTypeCache (132ms)
			ReleaseScriptCaches (1ms)
			RebuildScriptCaches (35ms)
			SetupLoadedEditorAssemblies (244ms)
				LogAssemblyErrors (0ms)
				InitializePlatformSupportModulesInManaged (9ms)
				SetLoadedEditorAssemblies (0ms)
				RefreshPlugins (0ms)
				BeforeProcessingInitializeOnLoad (35ms)
				ProcessInitializeOnLoadAttributes (176ms)
				ProcessInitializeOnLoadMethodAttributes (20ms)
				AfterProcessingInitializeOnLoad (3ms)
				EditorAssembliesLoaded (0ms)
			ExecutionOrderSort2 (0ms)
			AwakeInstancesAfterBackupRestoration (5ms)
Platform modules already initialized, skipping
Refreshing native plugins compatible for Editor in 0.79 ms, found 2 plugins.
Preloading 0 native plugins for Editor in 0.00 ms.
Unloading 1573 Unused Serialized files (Serialized files now loaded: 0)
Unloading 10 unused Assets / (24.7 KB). Loaded Objects now: 2110.
Memory consumption went from 74.7 MB to 74.7 MB.
Total: 2.244900 ms (FindLiveObjects: 0.142800 ms CreateObjectMapping: 0.035700 ms MarkObjects: 2.054200 ms  DeleteObjects: 0.011200 ms)

AssetImportParameters requested are different than current active one (requested -> active):
  custom:video-decoder-ogg-theora: a1e56fd34408186e4bbccfd4996cb3dc -> 
  custom:container-muxer-webm: aa71ff27fc2769a1b78a27578f13a17b -> 
  custom:container-demuxer-webm: 4f35f7cbe854078d1ac9338744f61a02 -> 
  custom:video-encoder-webm-vp8: eb34c28f22e8b96e1ab97ce403110664 -> 
  custom:audio-encoder-webm-vorbis: bf7c407c2cedff20999df2af8eb42d56 -> 
  custom:framework-win-MediaFoundation: 216162199b28c13a410421893ffa2e32 -> 
  custom:container-demuxer-ogg: 62fdf1f143b41e24485cea50d1cbac27 -> 
  custom:video-decoder-webm-vp8: 9c59270c3fd7afecdb556c50c9e8de78 -> 
  custom:audio-decoder-ogg-vorbis: bf7c407c2cedff20999df2af8eb42d56 -> 
========================================================================
Received Prepare
Registering precompiled user dll's ...
Registered in 0.001991 seconds.
Begin MonoManager ReloadAssembly
Symbol file LoadedFromMemory is not a mono symbol file
Native extension for WindowsStandalone target not found
Refreshing native plugins compatible for Editor in 0.35 ms, found 2 plugins.
Preloading 0 native plugins for Editor in 0.00 ms.
Mono: successfully reloaded assembly
- Completed reload, in  0.709 seconds
Domain Reload Profiling:
	ReloadAssembly (710ms)
		BeginReloadAssembly (97ms)
			ExecutionOrderSort (0ms)
			DisableScriptedObjects (5ms)
			BackupInstance (0ms)
			ReleaseScriptingObjects (0ms)
			CreateAndSetChildDomain (24ms)
		EndReloadAssembly (521ms)
			LoadAssemblies (65ms)
			RebuildTransferFunctionScriptingTraits (0ms)
			SetupTypeCache (132ms)
			ReleaseScriptCaches (1ms)
			RebuildScriptCaches (35ms)
			SetupLoadedEditorAssemblies (250ms)
				LogAssemblyErrors (0ms)
				InitializePlatformSupportModulesInManaged (9ms)
				SetLoadedEditorAssemblies (0ms)
				RefreshPlugins (0ms)
				BeforeProcessingInitializeOnLoad (37ms)
				ProcessInitializeOnLoadAttributes (176ms)
				ProcessInitializeOnLoadMethodAttributes (25ms)
				AfterProcessingInitializeOnLoad (3ms)
				EditorAssembliesLoaded (0ms)
			ExecutionOrderSort2 (0ms)
			AwakeInstancesAfterBackupRestoration (5ms)
Platform modules already initialized, skipping
Refreshing native plugins compatible for Editor in 0.75 ms, found 2 plugins.
Preloading 0 native plugins for Editor in 0.00 ms.
Unloading 1573 Unused Serialized files (Serialized files now loaded: 0)
Unloading 10 unused Assets / (24.7 KB). Loaded Objects now: 2113.
Memory consumption went from 74.7 MB to 74.7 MB.
Total: 2.290100 ms (FindLiveObjects: 0.143100 ms CreateObjectMapping: 0.036800 ms MarkObjects: 2.097400 ms  DeleteObjects: 0.011800 ms)

AssetImportParameters requested are different than current active one (requested -> active):
  custom:video-decoder-ogg-theora: a1e56fd34408186e4bbccfd4996cb3dc -> 
  custom:container-muxer-webm: aa71ff27fc2769a1b78a27578f13a17b -> 
  custom:container-demuxer-webm: 4f35f7cbe854078d1ac9338744f61a02 -> 
  custom:video-encoder-webm-vp8: eb34c28f22e8b96e1ab97ce403110664 -> 
  custom:audio-encoder-webm-vorbis: bf7c407c2cedff20999df2af8eb42d56 -> 
  custom:framework-win-MediaFoundation: 216162199b28c13a410421893ffa2e32 -> 
  custom:container-demuxer-ogg: 62fdf1f143b41e24485cea50d1cbac27 -> 
  custom:video-decoder-webm-vp8: 9c59270c3fd7afecdb556c50c9e8de78 -> 
  custom:audio-decoder-ogg-vorbis: bf7c407c2cedff20999df2af8eb42d56 -> 
========================================================================
Received Import Request.
  Time since last request: 133.478039 seconds.
  path: Assets/PineCone/Examples/BasicFPS/Prefabs/FpsPlayer.prefab
  artifactKey: Guid(cdd5fcd7adb570e42a5021fa0774e597) Importer(815301076,1909f56bfc062723c751e8b465ee728b)
Start importing Assets/PineCone/Examples/BasicFPS/Prefabs/FpsPlayer.prefab using Guid(cdd5fcd7adb570e42a5021fa0774e597) Importer(815301076,1909f56bfc062723c751e8b465ee728b)  -> (artifact id: '2afb77f3300fc147369d52f897797fb1') in 0.115285 seconds 
========================================================================
Received Import Request.
  Time since last request: 0.000018 seconds.
  path: Assets/PineCone/Examples/BasicFPS/Prefabs/PlayerBoard.prefab
  artifactKey: Guid(20e79b90c53b6e341946322f9a303eb0) Importer(815301076,1909f56bfc062723c751e8b465ee728b)
Start importing Assets/PineCone/Examples/BasicFPS/Prefabs/PlayerBoard.prefab using Guid(20e79b90c53b6e341946322f9a303eb0) Importer(815301076,1909f56bfc062723c751e8b465ee728b)  -> (artifact id: '4377fd020fe7dd5741419c7b446f808a') in 0.043952 seconds 
========================================================================
Received Import Request.
  Time since last request: 0.000025 seconds.
  path: Assets/PineCone/Examples/BasicFPS/Prefabs/SpawnPoint.prefab
  artifactKey: Guid(9eb4148ef5d519443831d22a7f4aa375) Importer(815301076,1909f56bfc062723c751e8b465ee728b)
Start importing Assets/PineCone/Examples/BasicFPS/Prefabs/SpawnPoint.prefab using Guid(9eb4148ef5d519443831d22a7f4aa375) Importer(815301076,1909f56bfc062723c751e8b465ee728b)  -> (artifact id: '557744b6476c7628308ab16ce2ec0602') in 0.006555 seconds 
========================================================================
Received Import Request.
  Time since last request: 0.000017 seconds.
  path: Assets/PineCone/Examples/BasicFPS/Prefabs/LaserRay.prefab
  artifactKey: Guid(62c1a08b299728947a146ef42d46634d) Importer(815301076,1909f56bfc062723c751e8b465ee728b)
Start importing Assets/PineCone/Examples/BasicFPS/Prefabs/LaserRay.prefab using Guid(62c1a08b299728947a146ef42d46634d) Importer(815301076,1909f56bfc062723c751e8b465ee728b)  -> (artifact id: 'a4d3b62f0ee0ba83368195f25716e216') in 0.009029 seconds 
========================================================================
Received Import Request.
  Time since last request: 0.000021 seconds.
  path: Assets/PineCone/Examples/BasicFPS/Prefabs/KillUI.prefab
  artifactKey: Guid(8e87cd9543450524a97714eee0c10b5f) Importer(815301076,1909f56bfc062723c751e8b465ee728b)
Start importing Assets/PineCone/Examples/BasicFPS/Prefabs/KillUI.prefab using Guid(8e87cd9543450524a97714eee0c10b5f) Importer(815301076,1909f56bfc062723c751e8b465ee728b)  -> (artifact id: '5229b7f3aa1df81f1606e18e1a25bad6') in 0.025330 seconds 
========================================================================
Received Import Request.
  Time since last request: 0.000015 seconds.
  path: Assets/PineCone/Examples/BasicFPS/Prefabs/SusDead.prefab
  artifactKey: Guid(48e85a07a4eccd647a8711da12fd404b) Importer(815301076,1909f56bfc062723c751e8b465ee728b)
Start importing Assets/PineCone/Examples/BasicFPS/Prefabs/SusDead.prefab using Guid(48e85a07a4eccd647a8711da12fd404b) Importer(815301076,1909f56bfc062723c751e8b465ee728b)  -> (artifact id: 'a8e5841c279fa52c09b2250a95108498') in 0.011795 seconds 
========================================================================
Received Prepare
Registering precompiled user dll's ...
Registered in 0.001668 seconds.
Begin MonoManager ReloadAssembly
Symbol file LoadedFromMemory is not a mono symbol file
Native extension for WindowsStandalone target not found
Refreshing native plugins compatible for Editor in 0.31 ms, found 2 plugins.
Preloading 0 native plugins for Editor in 0.00 ms.
Mono: successfully reloaded assembly
- Completed reload, in  0.748 seconds
Domain Reload Profiling:
	ReloadAssembly (748ms)
		BeginReloadAssembly (105ms)
			ExecutionOrderSort (0ms)
			DisableScriptedObjects (4ms)
			BackupInstance (0ms)
			ReleaseScriptingObjects (0ms)
			CreateAndSetChildDomain (27ms)
		EndReloadAssembly (564ms)
			LoadAssemblies (69ms)
			RebuildTransferFunctionScriptingTraits (0ms)
			SetupTypeCache (147ms)
			ReleaseScriptCaches (1ms)
			RebuildScriptCaches (39ms)
			SetupLoadedEditorAssemblies (274ms)
				LogAssemblyErrors (0ms)
				InitializePlatformSupportModulesInManaged (11ms)
				SetLoadedEditorAssemblies (0ms)
				RefreshPlugins (0ms)
				BeforeProcessingInitializeOnLoad (39ms)
				ProcessInitializeOnLoadAttributes (197ms)
				ProcessInitializeOnLoadMethodAttributes (22ms)
				AfterProcessingInitializeOnLoad (4ms)
				EditorAssembliesLoaded (0ms)
			ExecutionOrderSort2 (0ms)
			AwakeInstancesAfterBackupRestoration (7ms)
Platform modules already initialized, skipping
Refreshing native plugins compatible for Editor in 1.19 ms, found 2 plugins.
Preloading 0 native plugins for Editor in 0.00 ms.
Unloading 1573 Unused Serialized files (Serialized files now loaded: 0)
Unloading 12 unused Assets / (50.8 KB). Loaded Objects now: 2117.
Memory consumption went from 87.4 MB to 87.4 MB.
Total: 2.651800 ms (FindLiveObjects: 0.213200 ms CreateObjectMapping: 0.046000 ms MarkObjects: 2.315600 ms  DeleteObjects: 0.076100 ms)

AssetImportParameters requested are different than current active one (requested -> active):
  custom:video-decoder-ogg-theora: a1e56fd34408186e4bbccfd4996cb3dc -> 
  custom:container-muxer-webm: aa71ff27fc2769a1b78a27578f13a17b -> 
  custom:container-demuxer-webm: 4f35f7cbe854078d1ac9338744f61a02 -> 
  custom:video-encoder-webm-vp8: eb34c28f22e8b96e1ab97ce403110664 -> 
  custom:audio-encoder-webm-vorbis: bf7c407c2cedff20999df2af8eb42d56 -> 
  custom:framework-win-MediaFoundation: 216162199b28c13a410421893ffa2e32 -> 
  custom:container-demuxer-ogg: 62fdf1f143b41e24485cea50d1cbac27 -> 
  custom:video-decoder-webm-vp8: 9c59270c3fd7afecdb556c50c9e8de78 -> 
  custom:audio-decoder-ogg-vorbis: bf7c407c2cedff20999df2af8eb42d56 -> 
========================================================================
Received Prepare
Registering precompiled user dll's ...
Registered in 0.001700 seconds.
Begin MonoManager ReloadAssembly
Symbol file LoadedFromMemory is not a mono symbol file
Native extension for WindowsStandalone target not found
Refreshing native plugins compatible for Editor in 0.36 ms, found 2 plugins.
Preloading 0 native plugins for Editor in 0.00 ms.
Mono: successfully reloaded assembly
- Completed reload, in  0.723 seconds
Domain Reload Profiling:
	ReloadAssembly (724ms)
		BeginReloadAssembly (99ms)
			ExecutionOrderSort (0ms)
			DisableScriptedObjects (6ms)
			BackupInstance (0ms)
			ReleaseScriptingObjects (0ms)
			CreateAndSetChildDomain (24ms)
		EndReloadAssembly (538ms)
			LoadAssemblies (65ms)
			RebuildTransferFunctionScriptingTraits (0ms)
			SetupTypeCache (145ms)
			ReleaseScriptCaches (1ms)
			RebuildScriptCaches (37ms)
			SetupLoadedEditorAssemblies (254ms)
				LogAssemblyErrors (0ms)
				InitializePlatformSupportModulesInManaged (10ms)
				SetLoadedEditorAssemblies (0ms)
				RefreshPlugins (0ms)
				BeforeProcessingInitializeOnLoad (36ms)
				ProcessInitializeOnLoadAttributes (177ms)
				ProcessInitializeOnLoadMethodAttributes (26ms)
				AfterProcessingInitializeOnLoad (4ms)
				EditorAssembliesLoaded (0ms)
			ExecutionOrderSort2 (0ms)
			AwakeInstancesAfterBackupRestoration (6ms)
Platform modules already initialized, skipping
Refreshing native plugins compatible for Editor in 1.28 ms, found 2 plugins.
Preloading 0 native plugins for Editor in 0.00 ms.
Unloading 1573 Unused Serialized files (Serialized files now loaded: 0)
Unloading 10 unused Assets / (24.6 KB). Loaded Objects now: 2120.
Memory consumption went from 87.4 MB to 87.4 MB.
Total: 2.290600 ms (FindLiveObjects: 0.151500 ms CreateObjectMapping: 0.035500 ms MarkObjects: 2.091400 ms  DeleteObjects: 0.011400 ms)

AssetImportParameters requested are different than current active one (requested -> active):
  custom:video-decoder-ogg-theora: a1e56fd34408186e4bbccfd4996cb3dc -> 
  custom:container-muxer-webm: aa71ff27fc2769a1b78a27578f13a17b -> 
  custom:container-demuxer-webm: 4f35f7cbe854078d1ac9338744f61a02 -> 
  custom:video-encoder-webm-vp8: eb34c28f22e8b96e1ab97ce403110664 -> 
  custom:audio-encoder-webm-vorbis: bf7c407c2cedff20999df2af8eb42d56 -> 
  custom:framework-win-MediaFoundation: 216162199b28c13a410421893ffa2e32 -> 
  custom:container-demuxer-ogg: 62fdf1f143b41e24485cea50d1cbac27 -> 
  custom:video-decoder-webm-vp8: 9c59270c3fd7afecdb556c50c9e8de78 -> 
  custom:audio-decoder-ogg-vorbis: bf7c407c2cedff20999df2af8eb42d56 -> 
Editor requested this worker to shutdown with reason: Scaling down because of idle timeout
AssetImportWorker is now disconnected from the server
Process exiting
Exiting without the bug reporter. Application will terminate with return code 0