Using pre-set license
Built from '2020.3/staging' branch; Version is '2020.3.5f1 (8095aa901b9b) revision 8426922'; Using compiler version '192528614'; Build Type 'Release'
OS: 'Windows 10 Pro; OS build 19044.1348; Version 2009; 64bit' Language: 'en' Physical Memory: 32718 MB
BatchMode: 1, IsHumanControllingUs: 0, StartBugReporterOnCrash: 0, Is64bit: 1, IsPro: 0

 COMMAND LINE ARGUMENTS:
D:\Unity\2020.3.5f1\Editor\Unity.exe
-adb2
-batchMode
-noUpm
-name
AssetImportWorker0
-projectPath
D:/PineCone/PineConeUnityProject
-logFile
Logs/AssetImportWorker0.log
-srvPort
60269
Successfully changed project path to: D:/PineCone/PineConeUnityProject
D:/PineCone/PineConeUnityProject
Using Asset Import Pipeline V2.
Refreshing native plugins compatible for Editor in 19.09 ms, found 0 plugins.
Preloading 0 native plugins for Editor in 0.00 ms.
Initialize engine version: 2020.3.5f1 (8095aa901b9b)
[Subsystems] Discovering subsystems at path D:/Unity/2020.3.5f1/Editor/Data/Resources/UnitySubsystems
[Subsystems] Discovering subsystems at path D:/PineCone/PineConeUnityProject/Assets
GfxDevice: creating device client; threaded=0
Direct3D:
    Version:  Direct3D 11.0 [level 11.1]
    Renderer: NVIDIA GeForce GTX 1070 (ID=0x1b81)
    Vendor:   
    VRAM:     8088 MB
    Driver:   27.21.14.6627
Initialize mono
Mono path[0] = 'D:/Unity/2020.3.5f1/Editor/Data/Managed'
Mono path[1] = 'D:/Unity/2020.3.5f1/Editor/Data/MonoBleedingEdge/lib/mono/unityjit'
Mono config path = 'D:/Unity/2020.3.5f1/Editor/Data/MonoBleedingEdge/etc'
Using monoOptions --debugger-agent=transport=dt_socket,embedding=1,server=y,suspend=n,address=127.0.0.1:56644
Begin MonoManager ReloadAssembly
Registering precompiled unity dll's ...
Register platform support module: D:/Unity/2020.3.5f1/Editor/Data/PlaybackEngines/WindowsStandaloneSupport/UnityEditor.WindowsStandalone.Extensions.dll
Registered in 0.000972 seconds.
Native extension for WindowsStandalone target not found
Refreshing native plugins compatible for Editor in 21.26 ms, found 0 plugins.
Preloading 0 native plugins for Editor in 0.00 ms.
Mono: successfully reloaded assembly
- Completed reload, in  0.825 seconds
Platform modules already initialized, skipping
Registering precompiled user dll's ...
Registered in 0.000412 seconds.
Begin MonoManager ReloadAssembly
Native extension for WindowsStandalone target not found
Refreshing native plugins compatible for Editor in 0.23 ms, found 0 plugins.
Preloading 0 native plugins for Editor in 0.00 ms.
Mono: successfully reloaded assembly
- Completed reload, in  0.687 seconds
Platform modules already initialized, skipping
========================================================================
Worker process is ready to serve import requests
Launched and connected shader compiler UnityShaderCompiler.exe after 0.04 seconds
Refreshing native plugins compatible for Editor in 0.21 ms, found 0 plugins.
Preloading 0 native plugins for Editor in 0.00 ms.
Unloading 1115 Unused Serialized files (Serialized files now loaded: 0)
System memory in use before: 57.1 MB.
System memory in use after: 57.1 MB.

Unloading 10 unused Assets to reduce memory usage. Loaded Objects now: 1557.
Total: 1.804700 ms (FindLiveObjects: 0.149700 ms CreateObjectMapping: 0.027500 ms MarkObjects: 1.553400 ms  DeleteObjects: 0.072600 ms)

========================================================================
Received Import Request.
  path: Assets
  artifactKey: Guid(00000000000000001000000000000000) Importer(815301076,1909f56bfc062723c751e8b465ee728b)
Start importing Assets using Guid(00000000000000001000000000000000) Importer(815301076,1909f56bfc062723c751e8b465ee728b)  -> (artifact id: 'e4856052512617ee48189cf1d7999900') in 0.008597 seconds
  Import took 0.019130 seconds .

========================================================================
Received Import Request.
  Time since last request: 1.301909 seconds.
  path: Assets/PineCone
  artifactKey: Guid(591f749c6ab4cce41a9c65fc342e4d69) Importer(815301076,1909f56bfc062723c751e8b465ee728b)
Start importing Assets/PineCone using Guid(591f749c6ab4cce41a9c65fc342e4d69) Importer(815301076,1909f56bfc062723c751e8b465ee728b)  -> (artifact id: 'f620d81ec3dd7064043f508db5b12432') in 0.007001 seconds
  Import took 0.012589 seconds .

========================================================================
Received Import Request.
  Time since last request: 0.001958 seconds.
  path: Assets/PineCone
  artifactKey: Guid(591f749c6ab4cce41a9c65fc342e4d69) Importer(815301076,1909f56bfc062723c751e8b465ee728b)
Start importing Assets/PineCone using Guid(591f749c6ab4cce41a9c65fc342e4d69) Importer(815301076,1909f56bfc062723c751e8b465ee728b)  -> (artifact id: 'f620d81ec3dd7064043f508db5b12432') in 0.002911 seconds
  Import took 0.005015 seconds .

========================================================================
Received Import Request.
  Time since last request: 1.552000 seconds.
  path: Assets/Scenes
  artifactKey: Guid(2298a29a792689c4b8d6b860d89c6567) Importer(815301076,1909f56bfc062723c751e8b465ee728b)
Start importing Assets/Scenes using Guid(2298a29a792689c4b8d6b860d89c6567) Importer(815301076,1909f56bfc062723c751e8b465ee728b)  -> (artifact id: 'd9f6458c0235ba49b35055947cc53f7b') in 0.007254 seconds
  Import took 0.009099 seconds .

========================================================================
Received Import Request.
  Time since last request: 5.878399 seconds.
  path: Assets/PineCone/Example
  artifactKey: Guid(21e6231ac005424469fdee0ce017aa18) Importer(815301076,1909f56bfc062723c751e8b465ee728b)
Start importing Assets/PineCone/Example using Guid(21e6231ac005424469fdee0ce017aa18) Importer(815301076,1909f56bfc062723c751e8b465ee728b)  -> (artifact id: 'b40d2b86ff94c20229894cfdf3348aef') in 0.005008 seconds
  Import took 0.031019 seconds .

========================================================================
Received Import Request.
  Time since last request: 2.361839 seconds.
  path: Assets/PineCone/Examples
  artifactKey: Guid(21e6231ac005424469fdee0ce017aa18) Importer(815301076,1909f56bfc062723c751e8b465ee728b)
Start importing Assets/PineCone/Examples using Guid(21e6231ac005424469fdee0ce017aa18) Importer(815301076,1909f56bfc062723c751e8b465ee728b)  -> (artifact id: '0eb039d6644cc55cdd50da42fd0f3475') in 0.004711 seconds
  Import took 0.006472 seconds .

========================================================================
Received Import Request.
  Time since last request: 11.395061 seconds.
  path: Assets/PineCone/Examples/Scenes
  artifactKey: Guid(56051e98925dcfb409f84fc605135664) Importer(815301076,1909f56bfc062723c751e8b465ee728b)
Start importing Assets/PineCone/Examples/Scenes using Guid(56051e98925dcfb409f84fc605135664) Importer(815301076,1909f56bfc062723c751e8b465ee728b)  -> (artifact id: '835f5def7c35807f70a229a206455a46') in 0.001599 seconds
  Import took 0.003313 seconds .

AssetImportWorkerClient::OnTransportError - code=2 error=End of file
